Traceback (most recent call last):
  File "/home/tutone/Analysis/ML_XSPEC/models_generator.py", line 70, in <module>
    idx = index + extracted_number
          ~~~~~~^~~~~~~~~~~~~~~~~~
TypeError: unsupported operand type(s) for +: 'int' and 'NoneType'
tbvabs Version 2.3
Cosmic absorption with grains and H2, modified from
Wilms, Allen, & McCray, 2000, ApJ 542, 914-924
Questions: Joern Wilms
joern.wilms@sternwarte.uni-erlangen.de
joern.wilms@fau.de

http://pulsar.sternwarte.uni-erlangen.de/wilms/research/tbabs/

PLEASE NOTICE:
To get the model described by the above paper
you will also have to set the abundances:
   abund wilm

Note that this routine ignores the current cross section setting
as it always HAS to use the Verner cross sections as a baseline.
Compton reflection from ionized medium.
If you use results from this model in a paper
please refer to Chris Done

========================================================================
Model TBabs<1>(rdblur<2>*rfxconv<3>*comptb<4> + diskbb<5> + comptb<6>) Source No.: 1   Active/Off
Model Model Component  Parameter  Unit     Value
 par  comp
   1    1   TBabs      nH         10^22    1.00000      +/-  0.0          
   2    2   rdblur     Betor10             -2.00000     frozen
   3    2   rdblur     Rin_M               10.0000      frozen
   4    2   rdblur     Rout_M              1000.00      frozen
   5    2   rdblur     Incl       deg      30.0000      +/-  0.0          
   6    3   rfxconv    rel_refl            -1.00000     +/-  0.0          
   7    3   rfxconv    redshift            0.0          frozen
   8    3   rfxconv    Fe_abund            1.00000      frozen
   9    3   rfxconv    cosIncl             0.500000     frozen
  10    3   rfxconv    log_xi              1.00000      +/-  0.0          
  11    4   comptb     kTs        keV      1.00000      +/-  0.0          
  12    4   comptb     gamma               3.00000      frozen
  13    4   comptb     alpha               2.00000      +/-  0.0          
  14    4   comptb     delta               20.0000      +/-  0.0          
  15    4   comptb     kTe        keV      5.00000      +/-  0.0          
  16    4   comptb     log_A               0.0          +/-  0.0          
  17    4   comptb     norm                1.00000      +/-  0.0          
  18    5   diskbb     Tin        keV      1.00000      +/-  0.0          
  19    5   diskbb     norm                1.00000      +/-  0.0          
  20    6   comptb     kTs        keV      1.00000      +/-  0.0          
  21    6   comptb     gamma               3.00000      frozen
  22    6   comptb     alpha               2.00000      +/-  0.0          
  23    6   comptb     delta               20.0000      +/-  0.0          
  24    6   comptb     kTe        keV      5.00000      +/-  0.0          
  25    6   comptb     log_A               0.0          +/-  0.0          
  26    6   comptb     norm                1.00000      +/-  0.0          
________________________________________________________________________

RFXCONV: A 2-10 keV slope of -0.620724 is outside the tabulated range - setting to 1.4


========================================================================
Model TBabs<1>(rdblur<2>*rfxconv<3>*comptb<4> + diskbb<5> + comptb<6>) Source No.: 1   Active/Off
Model Model Component  Parameter  Unit     Value
 par  comp
   1    1   TBabs      nH         10^22    6.95945      +/-  0.0          
   2    2   rdblur     Betor10             -7.04252     frozen
   3    2   rdblur     Rin_M               170.611      frozen
   4    2   rdblur     Rout_M              1000.00      frozen
   5    2   rdblur     Incl       deg      77.1324      +/-  0.0          
   6    3   rfxconv    rel_refl            -0.863585    +/-  0.0          
   7    3   rfxconv    redshift            0.0          frozen
   8    3   rfxconv    Fe_abund            2.58870      frozen
   9    3   rfxconv    cosIncl             0.500000     frozen
  10    3   rfxconv    log_xi              2.16600      +/-  0.0          
  11    4   comptb     kTs        keV      6.94566      +/-  0.0          
  12    4   comptb     gamma               3.00000      frozen
  13    4   comptb     alpha               2.15239      +/-  0.0          
  14    4   comptb     delta               20.0000      +/-  0.0          
  15    4   comptb     kTe        keV      626.024      +/-  0.0          
  16    4   comptb     log_A               0.0          +/-  0.0          
  17    4   comptb     norm                9.86389E+18  +/-  0.0          
  18    5   diskbb     Tin        keV      568.163      +/-  0.0          
  19    5   diskbb     norm                6.85393E+18  +/-  0.0          
  20    6   comptb     kTs        keV      1.00000      +/-  0.0          
  21    6   comptb     gamma               3.00000      frozen
  22    6   comptb     alpha               2.00000      +/-  0.0          
  23    6   comptb     delta               20.0000      +/-  0.0          
  24    6   comptb     kTe        keV      5.00000      +/-  0.0          
  25    6   comptb     log_A               0.0          +/-  0.0          
  26    6   comptb     norm                1.00000      +/-  0.0          
________________________________________________________________________

  parameter 4 is already frozen.
  parameter 12 is already frozen.
RFXCONV: A 2-10 keV slope of -0.620724 is outside the tabulated range - setting to 1.4

RFXCONV: A 2-10 keV slope of -0.668588 is outside the tabulated range - setting to 1.4

RFXCONV: A 2-10 keV slope of -0.668588 is outside the tabulated range - setting to 1.4

RFXCONV: A 2-10 keV slope of -0.668588 is outside the tabulated range - setting to 1.4

RFXCONV: A 2-10 keV slope of -0.668588 is outside the tabulated range - setting to 1.4

RFXCONV: A 2-10 keV slope of -0.668588 is outside the tabulated range - setting to 1.4

RFXCONV: A 2-10 keV slope of -0.668588 is outside the tabulated range - setting to 1.4

RFXCONV: A 2-10 keV slope of -0.668588 is outside the tabulated range - setting to 1.4

RFXCONV: A 2-10 keV slope of -0.668588 is outside the tabulated range - setting to 1.4

RFXCONV: A 2-10 keV slope of -0.668588 is outside the tabulated range - setting to 1.4

 Plot settings:
   Showing of individual additive components is OFF.
   Showing of background spectra is OFF.
   Effective area normalization is OFF.
   Current unit settings:
      Energy     = keV
      Wavelength = angstrom, with Y-Axis displayed per Hz
   X-Axis data display mode: Energy
   Spectra plots will be shifted to source frame by redshift value z: 0
   Device: /null
   Plotting of line IDs is OFF.
   Splashpage is ON.
   xlog for data plots is ON.
   ylog for data plots is OFF.

   Default plot rebin settings for all plot groups:
   Min. Signif.   Max. # Bins   Error Type
        0.00000             1         quad
No plot commands have been entered.
RFXCONV: A 2-10 keV slope of -0.668588 is outside the tabulated range - setting to 1.4


========================================================================
Model TBabs<1>(rdblur<2>*rfxconv<3>*comptb<4> + diskbb<5> + comptb<6>) Source No.: 1   Active/Off
Model Model Component  Parameter  Unit     Value
 par  comp
   1    1   TBabs      nH         10^22    1.00000      +/-  0.0          
   2    2   rdblur     Betor10             -2.00000     frozen
   3    2   rdblur     Rin_M               10.0000      frozen
   4    2   rdblur     Rout_M              1000.00      frozen
   5    2   rdblur     Incl       deg      30.0000      +/-  0.0          
   6    3   rfxconv    rel_refl            -1.00000     +/-  0.0          
   7    3   rfxconv    redshift            0.0          frozen
   8    3   rfxconv    Fe_abund            1.00000      frozen
   9    3   rfxconv    cosIncl             0.500000     frozen
  10    3   rfxconv    log_xi              1.00000      +/-  0.0          
  11    4   comptb     kTs        keV      1.00000      +/-  0.0          
  12    4   comptb     gamma               3.00000      frozen
  13    4   comptb     alpha               2.00000      +/-  0.0          
  14    4   comptb     delta               20.0000      +/-  0.0          
  15    4   comptb     kTe        keV      5.00000      +/-  0.0          
  16    4   comptb     log_A               0.0          +/-  0.0          
  17    4   comptb     norm                1.00000      +/-  0.0          
  18    5   diskbb     Tin        keV      1.00000      +/-  0.0          
  19    5   diskbb     norm                1.00000      +/-  0.0          
  20    6   comptb     kTs        keV      1.00000      +/-  0.0          
  21    6   comptb     gamma               3.00000      frozen
  22    6   comptb     alpha               2.00000      +/-  0.0          
  23    6   comptb     delta               20.0000      +/-  0.0          
  24    6   comptb     kTe        keV      5.00000      +/-  0.0          
  25    6   comptb     log_A               0.0          +/-  0.0          
  26    6   comptb     norm                1.00000      +/-  0.0          
________________________________________________________________________

RFXCONV: A 2-10 keV slope of -0.530037 is outside the tabulated range - setting to 1.4


========================================================================
Model TBabs<1>(rdblur<2>*rfxconv<3>*comptb<4> + diskbb<5> + comptb<6>) Source No.: 1   Active/Off
Model Model Component  Parameter  Unit     Value
 par  comp
   1    1   TBabs      nH         10^22    3.26948      +/-  0.0          
   2    2   rdblur     Betor10             -5.89175     frozen
   3    2   rdblur     Rin_M               683.156      frozen
   4    2   rdblur     Rout_M              1000.00      frozen
   5    2   rdblur     Incl       deg      57.0369      +/-  0.0          
   6    3   rfxconv    rel_refl            -0.330863    +/-  0.0          
   7    3   rfxconv    redshift            0.0          frozen
   8    3   rfxconv    Fe_abund            2.04933      frozen
   9    3   rfxconv    cosIncl             0.500000     frozen
  10    3   rfxconv    log_xi              2.20737      +/-  0.0          
  11    4   comptb     kTs        keV      5.70174      +/-  0.0          
  12    4   comptb     gamma               3.00000      frozen
  13    4   comptb     alpha               1.16560      +/-  0.0          
  14    4   comptb     delta               20.0000      +/-  0.0          
  15    4   comptb     kTe        keV      521.784      +/-  0.0          
  16    4   comptb     log_A               0.0          +/-  0.0          
  17    4   comptb     norm                5.80411E+19  +/-  0.0          
  18    5   diskbb     Tin        keV      129.534      +/-  0.0          
  19    5   diskbb     norm                4.95316E+19  +/-  0.0          
  20    6   comptb     kTs        keV      1.00000      +/-  0.0          
  21    6   comptb     gamma               3.00000      frozen
  22    6   comptb     alpha               2.00000      +/-  0.0          
  23    6   comptb     delta               20.0000      +/-  0.0          
  24    6   comptb     kTe        keV      5.00000      +/-  0.0          
  25    6   comptb     log_A               0.0          +/-  0.0          
  26    6   comptb     norm                1.00000      +/-  0.0          
________________________________________________________________________

  parameter 4 is already frozen.
  parameter 12 is already frozen.
RFXCONV: A 2-10 keV slope of -0.530037 is outside the tabulated range - setting to 1.4

RFXCONV: A 2-10 keV slope of -0.618076 is outside the tabulated range - setting to 1.4

RFXCONV: A 2-10 keV slope of -0.618076 is outside the tabulated range - setting to 1.4

RFXCONV: A 2-10 keV slope of -0.618076 is outside the tabulated range - setting to 1.4

RFXCONV: A 2-10 keV slope of -0.618076 is outside the tabulated range - setting to 1.4

RFXCONV: A 2-10 keV slope of -0.618076 is outside the tabulated range - setting to 1.4

RFXCONV: A 2-10 keV slope of -0.618076 is outside the tabulated range - setting to 1.4

RFXCONV: A 2-10 keV slope of -0.618076 is outside the tabulated range - setting to 1.4

RFXCONV: A 2-10 keV slope of -0.618076 is outside the tabulated range - setting to 1.4

RFXCONV: A 2-10 keV slope of -0.618076 is outside the tabulated range - setting to 1.4

 Plot settings:
   Showing of individual additive components is OFF.
   Showing of background spectra is OFF.
   Effective area normalization is OFF.
   Current unit settings:
      Energy     = keV
      Wavelength = angstrom, with Y-Axis displayed per Hz
   X-Axis data display mode: Energy
   Spectra plots will be shifted to source frame by redshift value z: 0
   Device: /null
   Plotting of line IDs is OFF.
   Splashpage is ON.
   xlog for data plots is ON.
   ylog for data plots is OFF.

   Default plot rebin settings for all plot groups:
   Min. Signif.   Max. # Bins   Error Type
        0.00000             1         quad
No plot commands have been entered.
RFXCONV: A 2-10 keV slope of -0.618076 is outside the tabulated range - setting to 1.4


========================================================================
Model TBabs<1>(rdblur<2>*rfxconv<3>*comptb<4> + diskbb<5> + comptb<6>) Source No.: 1   Active/Off
Model Model Component  Parameter  Unit     Value
 par  comp
   1    1   TBabs      nH         10^22    1.00000      +/-  0.0          
   2    2   rdblur     Betor10             -2.00000     frozen
   3    2   rdblur     Rin_M               10.0000      frozen
   4    2   rdblur     Rout_M              1000.00      frozen
   5    2   rdblur     Incl       deg      30.0000      +/-  0.0          
   6    3   rfxconv    rel_refl            -1.00000     +/-  0.0          
   7    3   rfxconv    redshift            0.0          frozen
   8    3   rfxconv    Fe_abund            1.00000      frozen
   9    3   rfxconv    cosIncl             0.500000     frozen
  10    3   rfxconv    log_xi              1.00000      +/-  0.0          
  11    4   comptb     kTs        keV      1.00000      +/-  0.0          
  12    4   comptb     gamma               3.00000      frozen
  13    4   comptb     alpha               2.00000      +/-  0.0          
  14    4   comptb     delta               20.0000      +/-  0.0          
  15    4   comptb     kTe        keV      5.00000      +/-  0.0          
  16    4   comptb     log_A               0.0          +/-  0.0          
  17    4   comptb     norm                1.00000      +/-  0.0          
  18    5   diskbb     Tin        keV      1.00000      +/-  0.0          
  19    5   diskbb     norm                1.00000      +/-  0.0          
  20    6   comptb     kTs        keV      1.00000      +/-  0.0          
  21    6   comptb     gamma               3.00000      frozen
  22    6   comptb     alpha               2.00000      +/-  0.0          
  23    6   comptb     delta               20.0000      +/-  0.0          
  24    6   comptb     kTe        keV      5.00000      +/-  0.0          
  25    6   comptb     log_A               0.0          +/-  0.0          
  26    6   comptb     norm                1.00000      +/-  0.0          
________________________________________________________________________

RFXCONV: A 2-10 keV slope of -0.707643 is outside the tabulated range - setting to 1.4


========================================================================
Model TBabs<1>(rdblur<2>*rfxconv<3>*comptb<4> + diskbb<5> + comptb<6>) Source No.: 1   Active/Off
Model Model Component  Parameter  Unit     Value
 par  comp
   1    1   TBabs      nH         10^22    4.41876      +/-  0.0          
   2    2   rdblur     Betor10             -9.49698     frozen
   3    2   rdblur     Rin_M               490.317      frozen
   4    2   rdblur     Rout_M              1000.00      frozen
   5    2   rdblur     Incl       deg      13.3268      +/-  0.0          
   6    3   rfxconv    rel_refl            -0.768189    +/-  0.0          
   7    3   rfxconv    redshift            0.0          frozen
   8    3   rfxconv    Fe_abund            1.41057      frozen
   9    3   rfxconv    cosIncl             0.500000     frozen
  10    3   rfxconv    log_xi              3.85440      +/-  0.0          
  11    4   comptb     kTs        keV      8.70012      +/-  0.0          
  12    4   comptb     gamma               3.00000      frozen
  13    4   comptb     alpha               1.78615      +/-  0.0          
  14    4   comptb     delta               20.0000      +/-  0.0          
  15    4   comptb     kTe        keV      14.5164      +/-  0.0          
  16    4   comptb     log_A               0.0          +/-  0.0          
  17    4   comptb     norm                3.60512E+19  +/-  0.0          
  18    5   diskbb     Tin        keV      1.13146      +/-  0.0          
  19    5   diskbb     norm                2.90072E+19  +/-  0.0          
  20    6   comptb     kTs        keV      1.00000      +/-  0.0          
  21    6   comptb     gamma               3.00000      frozen
  22    6   comptb     alpha               2.00000      +/-  0.0          
  23    6   comptb     delta               20.0000      +/-  0.0          
  24    6   comptb     kTe        keV      5.00000      +/-  0.0          
  25    6   comptb     log_A               0.0          +/-  0.0          
  26    6   comptb     norm                1.00000      +/-  0.0          
________________________________________________________________________

  parameter 4 is already frozen.
  parameter 12 is already frozen.
RFXCONV: A 2-10 keV slope of -0.707643 is outside the tabulated range - setting to 1.4

RFXCONV: A 2-10 keV slope of -0.754218 is outside the tabulated range - setting to 1.4

RFXCONV: A 2-10 keV slope of -0.754218 is outside the tabulated range - setting to 1.4

RFXCONV: A 2-10 keV slope of -0.754218 is outside the tabulated range - setting to 1.4

RFXCONV: A 2-10 keV slope of -0.754218 is outside the tabulated range - setting to 1.4

RFXCONV: A 2-10 keV slope of -0.754218 is outside the tabulated range - setting to 1.4

RFXCONV: A 2-10 keV slope of -0.754218 is outside the tabulated range - setting to 1.4

RFXCONV: A 2-10 keV slope of -0.754218 is outside the tabulated range - setting to 1.4

RFXCONV: A 2-10 keV slope of -0.754218 is outside the tabulated range - setting to 1.4

RFXCONV: A 2-10 keV slope of -0.754218 is outside the tabulated range - setting to 1.4

 Plot settings:
   Showing of individual additive components is OFF.
   Showing of background spectra is OFF.
   Effective area normalization is OFF.
   Current unit settings:
      Energy     = keV
      Wavelength = angstrom, with Y-Axis displayed per Hz
   X-Axis data display mode: Energy
   Spectra plots will be shifted to source frame by redshift value z: 0
   Device: /null
   Plotting of line IDs is OFF.
   Splashpage is ON.
   xlog for data plots is ON.
   ylog for data plots is OFF.

   Default plot rebin settings for all plot groups:
   Min. Signif.   Max. # Bins   Error Type
        0.00000             1         quad
No plot commands have been entered.
RFXCONV: A 2-10 keV slope of -0.754218 is outside the tabulated range - setting to 1.4


========================================================================
Model TBabs<1>(rdblur<2>*rfxconv<3>*comptb<4> + diskbb<5> + comptb<6>) Source No.: 1   Active/Off
Model Model Component  Parameter  Unit     Value
 par  comp
   1    1   TBabs      nH         10^22    1.00000      +/-  0.0          
   2    2   rdblur     Betor10             -2.00000     frozen
   3    2   rdblur     Rin_M               10.0000      frozen
   4    2   rdblur     Rout_M              1000.00      frozen
   5    2   rdblur     Incl       deg      30.0000      +/-  0.0          
   6    3   rfxconv    rel_refl            -1.00000     +/-  0.0          
   7    3   rfxconv    redshift            0.0          frozen
   8    3   rfxconv    Fe_abund            1.00000      frozen
   9    3   rfxconv    cosIncl             0.500000     frozen
  10    3   rfxconv    log_xi              1.00000      +/-  0.0          
  11    4   comptb     kTs        keV      1.00000      +/-  0.0          
  12    4   comptb     gamma               3.00000      frozen
  13    4   comptb     alpha               2.00000      +/-  0.0          
  14    4   comptb     delta               20.0000      +/-  0.0          
  15    4   comptb     kTe        keV      5.00000      +/-  0.0          
  16    4   comptb     log_A               0.0          +/-  0.0          
  17    4   comptb     norm                1.00000      +/-  0.0          
  18    5   diskbb     Tin        keV      1.00000      +/-  0.0          
  19    5   diskbb     norm                1.00000      +/-  0.0          
  20    6   comptb     kTs        keV      1.00000      +/-  0.0          
  21    6   comptb     gamma               3.00000      frozen
  22    6   comptb     alpha               2.00000      +/-  0.0          
  23    6   comptb     delta               20.0000      +/-  0.0          
  24    6   comptb     kTe        keV      5.00000      +/-  0.0          
  25    6   comptb     log_A               0.0          +/-  0.0          
  26    6   comptb     norm                1.00000      +/-  0.0          
________________________________________________________________________


========================================================================
Model TBabs<1>(rdblur<2>*rfxconv<3>*comptb<4> + diskbb<5> + comptb<6>) Source No.: 1   Active/Off
Model Model Component  Parameter  Unit     Value
 par  comp
   1    1   TBabs      nH         10^22    8.46411      +/-  0.0          
   2    2   rdblur     Betor10             -2.46113     frozen
   3    2   rdblur     Rin_M               390.244      frozen
   4    2   rdblur     Rout_M              1000.00      frozen
   5    2   rdblur     Incl       deg      35.0289      +/-  0.0          
   6    3   rfxconv    rel_refl            -0.404166    +/-  0.0          
   7    3   rfxconv    redshift            0.0          frozen
   8    3   rfxconv    Fe_abund            0.993706     frozen
   9    3   rfxconv    cosIncl             0.500000     frozen
  10    3   rfxconv    log_xi              3.11777      +/-  0.0          
  11    4   comptb     kTs        keV      0.697699     +/-  0.0          
  12    4   comptb     gamma               3.00000      frozen
  13    4   comptb     alpha               2.83039      +/-  0.0          
  14    4   comptb     delta               20.0000      +/-  0.0          
  15    4   comptb     kTe        keV      292.804      +/-  0.0          
  16    4   comptb     log_A               0.0          +/-  0.0          
  17    4   comptb     norm                9.49735E+19  +/-  0.0          
  18    5   diskbb     Tin        keV      156.981      +/-  0.0          
  19    5   diskbb     norm                7.01979E+19  +/-  0.0          
  20    6   comptb     kTs        keV      1.00000      +/-  0.0          
  21    6   comptb     gamma               3.00000      frozen
  22    6   comptb     alpha               2.00000      +/-  0.0          
  23    6   comptb     delta               20.0000      +/-  0.0          
  24    6   comptb     kTe        keV      5.00000      +/-  0.0          
  25    6   comptb     log_A               0.0          +/-  0.0          
  26    6   comptb     norm                1.00000      +/-  0.0          
________________________________________________________________________

  parameter 4 is already frozen.
  parameter 12 is already frozen.
 Plot settings:
   Showing of individual additive components is OFF.
   Showing of background spectra is OFF.
   Effective area normalization is OFF.
   Current unit settings:
      Energy     = keV
      Wavelength = angstrom, with Y-Axis displayed per Hz
   X-Axis data display mode: Energy
   Spectra plots will be shifted to source frame by redshift value z: 0
   Device: /null
   Plotting of line IDs is OFF.
   Splashpage is ON.
   xlog for data plots is ON.
   ylog for data plots is OFF.

   Default plot rebin settings for all plot groups:
   Min. Signif.   Max. # Bins   Error Type
        0.00000             1         quad
No plot commands have been entered.

========================================================================
Model TBabs<1>(rdblur<2>*rfxconv<3>*comptb<4> + diskbb<5> + comptb<6>) Source No.: 1   Active/Off
Model Model Component  Parameter  Unit     Value
 par  comp
   1    1   TBabs      nH         10^22    1.00000      +/-  0.0          
   2    2   rdblur     Betor10             -2.00000     frozen
   3    2   rdblur     Rin_M               10.0000      frozen
   4    2   rdblur     Rout_M              1000.00      frozen
   5    2   rdblur     Incl       deg      30.0000      +/-  0.0          
   6    3   rfxconv    rel_refl            -1.00000     +/-  0.0          
   7    3   rfxconv    redshift            0.0          frozen
   8    3   rfxconv    Fe_abund            1.00000      frozen
   9    3   rfxconv    cosIncl             0.500000     frozen
  10    3   rfxconv    log_xi              1.00000      +/-  0.0          
  11    4   comptb     kTs        keV      1.00000      +/-  0.0          
  12    4   comptb     gamma               3.00000      frozen
  13    4   comptb     alpha               2.00000      +/-  0.0          
  14    4   comptb     delta               20.0000      +/-  0.0          
  15    4   comptb     kTe        keV      5.00000      +/-  0.0          
  16    4   comptb     log_A               0.0          +/-  0.0          
  17    4   comptb     norm                1.00000      +/-  0.0          
  18    5   diskbb     Tin        keV      1.00000      +/-  0.0          
  19    5   diskbb     norm                1.00000      +/-  0.0          
  20    6   comptb     kTs        keV      1.00000      +/-  0.0          
  21    6   comptb     gamma               3.00000      frozen
  22    6   comptb     alpha               2.00000      +/-  0.0          
  23    6   comptb     delta               20.0000      +/-  0.0          
  24    6   comptb     kTe        keV      5.00000      +/-  0.0          
  25    6   comptb     log_A               0.0          +/-  0.0          
  26    6   comptb     norm                1.00000      +/-  0.0          
________________________________________________________________________

RFXCONV: A 2-10 keV slope of 0.0881742 is outside the tabulated range - setting to 1.4


========================================================================
Model TBabs<1>(rdblur<2>*rfxconv<3>*comptb<4> + diskbb<5> + comptb<6>) Source No.: 1   Active/Off
Model Model Component  Parameter  Unit     Value
 par  comp
   1    1   TBabs      nH         10^22    0.793810     +/-  0.0          
   2    2   rdblur     Betor10             -1.86631     frozen
   3    2   rdblur     Rin_M               874.209      frozen
   4    2   rdblur     Rout_M              1000.00      frozen
   5    2   rdblur     Incl       deg      40.9845      +/-  0.0          
   6    3   rfxconv    rel_refl            -5.16151E-02 +/-  0.0          
   7    3   rfxconv    redshift            0.0          frozen
   8    3   rfxconv    Fe_abund            1.52938      frozen
   9    3   rfxconv    cosIncl             0.500000     frozen
  10    3   rfxconv    log_xi              1.04067      +/-  0.0          
  11    4   comptb     kTs        keV      2.83201      +/-  0.0          
  12    4   comptb     gamma               3.00000      frozen
  13    4   comptb     alpha               0.227722     +/-  0.0          
  14    4   comptb     delta               20.0000      +/-  0.0          
  15    4   comptb     kTe        keV      850.979      +/-  0.0          
  16    4   comptb     log_A               0.0          +/-  0.0          
  17    4   comptb     norm                7.16440E+19  +/-  0.0          
  18    5   diskbb     Tin        keV      661.464      +/-  0.0          
  19    5   diskbb     norm                8.05080E+19  +/-  0.0          
  20    6   comptb     kTs        keV      1.00000      +/-  0.0          
  21    6   comptb     gamma               3.00000      frozen
  22    6   comptb     alpha               2.00000      +/-  0.0          
  23    6   comptb     delta               20.0000      +/-  0.0          
  24    6   comptb     kTe        keV      5.00000      +/-  0.0          
  25    6   comptb     log_A               0.0          +/-  0.0          
  26    6   comptb     norm                1.00000      +/-  0.0          
________________________________________________________________________

  parameter 4 is already frozen.
  parameter 12 is already frozen.
RFXCONV: A 2-10 keV slope of 0.0881742 is outside the tabulated range - setting to 1.4

RFXCONV: A 2-10 keV slope of -0.303 is outside the tabulated range - setting to 1.4

RFXCONV: A 2-10 keV slope of -0.303 is outside the tabulated range - setting to 1.4

RFXCONV: A 2-10 keV slope of -0.303 is outside the tabulated range - setting to 1.4

RFXCONV: A 2-10 keV slope of -0.303 is outside the tabulated range - setting to 1.4

RFXCONV: A 2-10 keV slope of -0.303 is outside the tabulated range - setting to 1.4

RFXCONV: A 2-10 keV slope of -0.303 is outside the tabulated range - setting to 1.4

RFXCONV: A 2-10 keV slope of -0.303 is outside the tabulated range - setting to 1.4

RFXCONV: A 2-10 keV slope of -0.303 is outside the tabulated range - setting to 1.4

RFXCONV: A 2-10 keV slope of -0.303 is outside the tabulated range - setting to 1.4

 Plot settings:
   Showing of individual additive components is OFF.
   Showing of background spectra is OFF.
   Effective area normalization is OFF.
   Current unit settings:
      Energy     = keV
      Wavelength = angstrom, with Y-Axis displayed per Hz
   X-Axis data display mode: Energy
   Spectra plots will be shifted to source frame by redshift value z: 0
   Device: /null
   Plotting of line IDs is OFF.
   Splashpage is ON.
   xlog for data plots is ON.
   ylog for data plots is OFF.

   Default plot rebin settings for all plot groups:
   Min. Signif.   Max. # Bins   Error Type
        0.00000             1         quad
No plot commands have been entered.
RFXCONV: A 2-10 keV slope of -0.303 is outside the tabulated range - setting to 1.4


User entered plot commands:

User entered plot commands:

User entered plot commands:

User entered plot commands:

User entered plot commands:
